<?xml version="1.0" encoding="UTF-8"?>
<testng-results skipped="0" failed="0" ignored="0" total="1" passed="1">
  <reporter-output>
  </reporter-output>
  <suite name="Suite" duration-ms="25" started-at="2023-03-15T08:17:20Z" finished-at="2023-03-15T08:17:20Z">
    <groups>
    </groups>
    <test name="Test" duration-ms="25" started-at="2023-03-15T08:17:20Z" finished-at="2023-03-15T08:17:20Z">
      <class name="selenium_jenkins.test1">
        <test-method status="PASS" signature="test()[pri:0, instance:selenium_jenkins.test1@6295d394]" name="test" duration-ms="16" started-at="2023-03-15T08:17:20Z" finished-at="2023-03-15T08:17:20Z">
          <reporter-output>
          </reporter-output>
        </test-method> <!-- test -->
      </class> <!-- selenium_jenkins.test1 -->
    </test> <!-- Test -->
  </suite> <!-- Suite -->
</testng-results>
