<?xml version="1.0" encoding="UTF-8"?>
<testng-results ignored="0" total="1" passed="1" failed="0" skipped="0">
  <reporter-output>
  </reporter-output>
  <suite started-at="2023-03-15T07:05:50Z" name="Default suite" finished-at="2023-03-15T07:05:50Z" duration-ms="32">
    <groups>
    </groups>
    <test started-at="2023-03-15T07:05:50Z" name="Default test" finished-at="2023-03-15T07:05:50Z" duration-ms="32">
      <class name="selenium_jenkins.test1">
        <test-method signature="test()[pri:0, instance:selenium_jenkins.test1@1b45c0e]" started-at="2023-03-15T07:05:50Z" name="test" finished-at="2023-03-15T07:05:50Z" duration-ms="11" status="PASS">
          <reporter-output>
          </reporter-output>
        </test-method> <!-- test -->
      </class> <!-- selenium_jenkins.test1 -->
    </test> <!-- Default test -->
  </suite> <!-- Default suite -->
</testng-results>
